0 info it worked if it ends with ok
1 verbose cli [ '/Users/daniel/.n/bin/node',
1 verbose cli   '/Users/daniel/.n/bin/npm',
1 verbose cli   'start' ]
2 info using npm@3.10.9
3 info using node@v7.2.0
4 verbose run-script [ 'prestart', 'start', 'poststart' ]
5 info lifecycle javascript-level-1@1.0.0~prestart: javascript-level-1@1.0.0
6 silly lifecycle javascript-level-1@1.0.0~prestart: no script for prestart, continuing
7 info lifecycle javascript-level-1@1.0.0~start: javascript-level-1@1.0.0
8 verbose lifecycle javascript-level-1@1.0.0~start: unsafe-perm in lifecycle true
9 verbose lifecycle javascript-level-1@1.0.0~start: PATH: /Users/daniel/.n/lib/node_modules/npm/bin/node-gyp-bin:/Users/daniel/dev/dwc/yay-bikes/code/node_modules/.bin:/Users/daniel/bin:/Users/daniel/.npm-packages/bin:/Users/daniel/tools/androidsdk/tools:/Users/daniel/tools/androidsdk/platform-tools:/Users/daniel/tools/go/bin:/usr/local/bin:/usr/local/sbin:/usr/bin:/bin:/usr/sbin:/sbin:/Users/daniel/.n/bin
10 verbose lifecycle javascript-level-1@1.0.0~start: CWD: /Users/daniel/dev/dwc/yay-bikes/code
11 silly lifecycle javascript-level-1@1.0.0~start: Args: [ '-c', 'gulp start' ]
12 silly lifecycle javascript-level-1@1.0.0~start: Returned: code: 1  signal: null
13 info lifecycle javascript-level-1@1.0.0~start: Failed to exec start script
14 verbose stack Error: javascript-level-1@1.0.0 start: `gulp start`
14 verbose stack Exit status 1
14 verbose stack     at EventEmitter.<anonymous> (/Users/daniel/.n/lib/node_modules/npm/lib/utils/lifecycle.js:255:16)
14 verbose stack     at emitTwo (events.js:106:13)
14 verbose stack     at EventEmitter.emit (events.js:191:7)
14 verbose stack     at ChildProcess.<anonymous> (/Users/daniel/.n/lib/node_modules/npm/lib/utils/spawn.js:40:14)
14 verbose stack     at emitTwo (events.js:106:13)
14 verbose stack     at ChildProcess.emit (events.js:191:7)
14 verbose stack     at maybeClose (internal/child_process.js:885:16)
14 verbose stack     at Process.ChildProcess._handle.onexit (internal/child_process.js:226:5)
15 verbose pkgid javascript-level-1@1.0.0
16 verbose cwd /Users/daniel/dev/dwc/yay-bikes/code
17 error Darwin 16.3.0
18 error argv "/Users/daniel/.n/bin/node" "/Users/daniel/.n/bin/npm" "start"
19 error node v7.2.0
20 error npm  v3.10.9
21 error code ELIFECYCLE
22 error javascript-level-1@1.0.0 start: `gulp start`
22 error Exit status 1
23 error Failed at the javascript-level-1@1.0.0 start script 'gulp start'.
23 error Make sure you have the latest version of node.js and npm installed.
23 error If you do, this is most likely a problem with the javascript-level-1 package,
23 error not with npm itself.
23 error Tell the author that this fails on your system:
23 error     gulp start
23 error You can get information on how to open an issue for this project with:
23 error     npm bugs javascript-level-1
23 error Or if that isn't available, you can get their info via:
23 error     npm owner ls javascript-level-1
23 error There is likely additional logging output above.
24 verbose exit [ 1, true ]
